<?xml version="1.0" encoding="UTF-8"?>
<!-- Generated by org.testng.reporters.JUnitReportReporter -->
<testsuite hostname="DESKTOP-N1269UI" failures="0" tests="4" name="api.test.UserTests" time="9.067" errors="0" timestamp="24 Aug 2023 14:06:19 GMT">
  <testcase classname="api.test.UserTests" name="test_getUserByName" time="2.065"/>
  <testcase classname="api.test.UserTests" name="test_updateUserByName" time="2.690"/>
  <testcase classname="api.test.UserTests" name="test_deleteUserByName" time="1.474"/>
  <testcase classname="api.test.UserTests" name="test_postUser" time="2.838"/>
</testsuite> <!-- api.test.UserTests -->
